<?xml version="1.0" encoding="UTF-8"?>
<!-- Generated by org.testng.reporters.JUnitReportReporter -->
<testsuite hostname="DESKTOP-45TE5AF" failures="0" tests="1" name="com.tka.DynamicWebtable4" time="2.205" errors="0" timestamp="2024-12-04T19:36:38 IST" skipped="0">
  <testcase classname="com.tka.DynamicWebtable4" name="testDynamictable2" time="2.205"/>
  <system-out/>
</testsuite> <!-- com.tka.DynamicWebtable4 -->
