<?xml version="1.0" encoding="UTF-8"?>
<!-- Generated by org.testng.reporters.JUnitReportReporter -->
<testsuite hostname="DESKTOP-45TE5AF" failures="0" tests="14" name="com.tka.LoginPage" time="14.976" errors="0" timestamp="2024-12-07T14:36:17 IST" skipped="13">
  <testcase classname="com.tka.LoginPage" name="TestNavigateforward" time="14.976"/>
  <system-out/>
  <testcase classname="com.tka.LoginPage" name="TestNavigateto">
    <skipped/>
  </testcase> <!-- TestNavigateto -->
  <system-out/>
  <testcase classname="com.tka.LoginPage" name="TestMainHeading">
    <skipped/>
  </testcase> <!-- TestMainHeading -->
  <system-out/>
  <testcase classname="com.tka.LoginPage" name="TestMaximize">
    <skipped/>
  </testcase> <!-- TestMaximize -->
  <system-out/>
  <testcase classname="com.tka.LoginPage" name="TestUserNameLable">
    <skipped/>
  </testcase> <!-- TestUserNameLable -->
  <system-out/>
  <testcase classname="com.tka.LoginPage" name="TestInvalidLoginDetails">
    <skipped/>
  </testcase> <!-- TestInvalidLoginDetails -->
  <system-out/>
  <testcase classname="com.tka.LoginPage" name="TestNavigateback">
    <skipped/>
  </testcase> <!-- TestNavigateback -->
  <system-out/>
  <testcase classname="com.tka.LoginPage" name="TestValidLoginDetails">
    <skipped/>
  </testcase> <!-- TestValidLoginDetails -->
  <system-out/>
  <testcase classname="com.tka.LoginPage" name="TestPasswordLable">
    <skipped/>
  </testcase> <!-- TestPasswordLable -->
  <system-out/>
  <testcase classname="com.tka.LoginPage" name="TestSubHeading">
    <skipped/>
  </testcase> <!-- TestSubHeading -->
  <system-out/>
  <testcase classname="com.tka.LoginPage" name="TestAlert">
    <skipped/>
  </testcase> <!-- TestAlert -->
  <system-out/>
  <testcase classname="com.tka.LoginPage" name="TestUsernameText">
    <skipped/>
  </testcase> <!-- TestUsernameText -->
  <system-out/>
  <testcase classname="com.tka.LoginPage" name="TestTitle">
    <skipped/>
  </testcase> <!-- TestTitle -->
  <system-out/>
  <testcase classname="com.tka.LoginPage" name="TestPasswordText">
    <skipped/>
  </testcase> <!-- TestPasswordText -->
  <system-out/>
</testsuite> <!-- com.tka.LoginPage -->
