<?xml version="1.0" encoding="UTF-8"?>
<!-- Generated by org.testng.reporters.JUnitReportReporter -->
<testsuite hostname="DESKTOP-45TE5AF" failures="0" tests="1" name="com.tka.DynamicWebtable2" time="2.486" errors="0" timestamp="2024-12-04T12:53:22 IST" skipped="0">
  <testcase classname="com.tka.DynamicWebtable2" name="testDynamictable2" time="2.486"/>
  <system-out/>
</testsuite> <!-- com.tka.DynamicWebtable2 -->
