<?xml version="1.0" encoding="UTF-8"?>
<!-- Generated by org.testng.reporters.JUnitReportReporter -->
<testsuite hostname="DESKTOP-45TE5AF" failures="0" tests="1" name="com.tka.DynamicWebtable3" time="3.408" errors="0" timestamp="2024-12-04T19:26:15 IST" skipped="0">
  <testcase classname="com.tka.DynamicWebtable3" name="testDynamicWebtable3" time="3.408"/>
  <system-out/>
</testsuite> <!-- com.tka.DynamicWebtable3 -->
