<?xml version="1.0" encoding="UTF-8"?>
<!-- Generated by org.testng.reporters.JUnitReportReporter -->
<testsuite hostname="DESKTOP-45TE5AF" failures="0" tests="1" name="com.tka.DropdownListDemo" time="4.591" errors="0" timestamp="2024-12-05T15:59:50 IST" skipped="0">
  <testcase classname="com.tka.DropdownListDemo" name="testListCount" time="4.591"/>
  <system-out/>
</testsuite> <!-- com.tka.DropdownListDemo -->
