<?xml version="1.0" encoding="UTF-8"?>
<!-- Generated by org.testng.reporters.JUnitReportReporter -->
<testsuite hostname="DESKTOP-45TE5AF" failures="1" tests="1" name="com.jbk.DynamicWebsite" time="3.202" errors="0" timestamp="2024-12-05T10:19:18 IST" skipped="0">
  <testcase classname="com.jbk.DynamicWebsite" name="testDynamicNykaWebsite" time="3.202">
    <failure message="Lists differ at element [0]: Mamaearth India&#039;s First Organic Bamboo Based Baby Wipes - 72... != FEATURED
BESTSELLER
Mamaearth Mineral Based Sunscreen For Babies SPF20+
MRP:₹150
₹143
5% Off
( 6091 ) expected [Mamaearth India&#039;s First Organic Bamboo Based Baby Wipes - 72...] but found [FEATURED
BESTSELLER
Mamaearth Mineral Based Sunscreen For Babies SPF20+
MRP:₹150
₹143
5% Off
( 6091 )]" type="java.lang.AssertionError">
      <![CDATA[java.lang.AssertionError: Lists differ at element [0]: Mamaearth India's First Organic Bamboo Based Baby Wipes - 72... != FEATURED
BESTSELLER
Mamaearth Mineral Based Sunscreen For Babies SPF20+
MRP:₹150
₹143
5% Off
( 6091 ) expected [Mamaearth India's First Organic Bamboo Based Baby Wipes - 72...] but found [FEATURED
BESTSELLER
Mamaearth Mineral Based Sunscreen For Babies SPF20+
MRP:₹150
₹143
5% Off
( 6091 )]
at org.testng.Assert.fail(Assert.java:99)
at org.testng.Assert.failNotEquals(Assert.java:1037)
at org.testng.Assert.assertEqualsImpl(Assert.java:140)
at org.testng.Assert.assertEquals(Assert.java:1103)
at org.testng.Assert.assertEquals(Assert.java:1065)
at com.jbk.DynamicWebsite.testDynamicNykaWebsite(DynamicWebsite.java:41)
at java.base/jdk.internal.reflect.DirectMethodHandleAccessor.invoke(DirectMethodHandleAccessor.java:103)
at java.base/java.lang.reflect.Method.invoke(Method.java:580)
at org.testng.internal.MethodInvocationHelper.invokeMethod(MethodInvocationHelper.java:133)
at org.testng.internal.TestInvoker.invokeMethod(TestInvoker.java:598)
at org.testng.internal.TestInvoker.invokeTestMethod(TestInvoker.java:173)
at org.testng.internal.MethodRunner.runInSequence(MethodRunner.java:46)
at org.testng.internal.TestInvoker$MethodInvocationAgent.invoke(TestInvoker.java:824)
at org.testng.internal.TestInvoker.invokeTestMethods(TestInvoker.java:146)
at org.testng.internal.TestMethodWorker.invokeTestMethods(TestMethodWorker.java:146)
at org.testng.internal.TestMethodWorker.run(TestMethodWorker.java:128)
at java.base/java.util.ArrayList.forEach(ArrayList.java:1597)
at org.testng.TestRunner.privateRun(TestRunner.java:794)
at org.testng.TestRunner.run(TestRunner.java:596)
at org.testng.SuiteRunner.runTest(SuiteRunner.java:377)
at org.testng.SuiteRunner.runSequentially(SuiteRunner.java:371)
at org.testng.SuiteRunner.privateRun(SuiteRunner.java:332)
at org.testng.SuiteRunner.run(SuiteRunner.java:276)
at org.testng.SuiteRunnerWorker.runSuite(SuiteRunnerWorker.java:53)
at org.testng.SuiteRunnerWorker.run(SuiteRunnerWorker.java:96)
at org.testng.TestNG.runSuitesSequentially(TestNG.java:1212)
at org.testng.TestNG.runSuitesLocally(TestNG.java:1134)
at org.testng.TestNG.runSuites(TestNG.java:1063)
at org.testng.TestNG.run(TestNG.java:1031)
at org.testng.remote.AbstractRemoteTestNG.run(AbstractRemoteTestNG.java:115)
at org.testng.remote.RemoteTestNG.initAndRun(RemoteTestNG.java:293)
at org.testng.remote.RemoteTestNG.main(RemoteTestNG.java:91)
]]>
    </failure>
  </testcase> <!-- testDynamicNykaWebsite -->
  <system-out/>
</testsuite> <!-- com.jbk.DynamicWebsite -->
