<?xml version="1.0" encoding="UTF-8"?>
<!-- Generated by org.testng.reporters.JUnitReportReporter -->
<testsuite hostname="DESKTOP-45TE5AF" failures="0" tests="1" name="com.tka.DynamicWebtable" time="3.768" errors="0" timestamp="2024-12-04T12:18:38 IST" skipped="0">
  <testcase classname="com.tka.DynamicWebtable" name="testDynamictableCategory" time="3.768"/>
  <system-out/>
</testsuite> <!-- com.tka.DynamicWebtable -->
